[2018-09-06 21:55:42.810] INFO [main] StartupInfoLogger.java:50 - Starting ApplicationTest on DESKTOP-8O8UE91 with PID 23232 (started by 18217 in C:\Workspaces\eclipse-workspace\springboot-training\chapter28)
[2018-09-06 21:55:42.813] INFO [main] SpringApplication.java:659 - No active profile set, falling back to default profiles: default
[2018-09-06 21:55:42.893] INFO [main] AbstractApplicationContext.java:590 - Refreshing org.springframework.web.context.support.GenericWebApplicationContext@3f1c5af9: startup date [Thu Sep 06 21:55:42 CST 2018]; root of context hierarchy
[2018-09-06 21:55:45.553] INFO [main] AbstractUrlHandlerMapping.java:373 - Mapped URL path [/**/favicon.ico] onto handler of type [class org.springframework.web.servlet.resource.ResourceHttpRequestHandler]
[2018-09-06 21:55:46.005] INFO [main] RequestMappingHandlerAdapter.java:574 - Looking for @ControllerAdvice: org.springframework.web.context.support.GenericWebApplicationContext@3f1c5af9: startup date [Thu Sep 06 21:55:42 CST 2018]; root of context hierarchy
[2018-09-06 21:55:46.191] INFO [main] AbstractHandlerMethodMapping.java:547 - Mapped "{[/test]}" onto public java.lang.String com.rz.web.IndexController.test()
[2018-09-06 21:55:46.215] INFO [main] AbstractHandlerMethodMapping.java:547 - Mapped "{[/error]}" onto public org.springframework.http.ResponseEntity<java.util.Map<java.lang.String, java.lang.Object>> org.springframework.boot.autoconfigure.web.servlet.error.BasicErrorController.error(javax.servlet.http.HttpServletRequest)
[2018-09-06 21:55:46.217] INFO [main] AbstractHandlerMethodMapping.java:547 - Mapped "{[/error],produces=[text/html]}" onto public org.springframework.web.servlet.ModelAndView org.springframework.boot.autoconfigure.web.servlet.error.BasicErrorController.errorHtml(javax.servlet.http.HttpServletRequest,javax.servlet.http.HttpServletResponse)
[2018-09-06 21:55:46.277] INFO [main] AbstractUrlHandlerMapping.java:373 - Mapped URL path [/webjars/**] onto handler of type [class org.springframework.web.servlet.resource.ResourceHttpRequestHandler]
[2018-09-06 21:55:46.279] INFO [main] AbstractUrlHandlerMapping.java:373 - Mapped URL path [/**] onto handler of type [class org.springframework.web.servlet.resource.ResourceHttpRequestHandler]
[2018-09-06 21:55:46.731] INFO [main] StartupInfoLogger.java:59 - Started ApplicationTest in 4.563 seconds (JVM running for 6.535)
[2018-09-06 21:55:47.150] INFO [Thread-3] AbstractApplicationContext.java:993 - Closing org.springframework.web.context.support.GenericWebApplicationContext@3f1c5af9: startup date [Thu Sep 06 21:55:42 CST 2018]; root of context hierarchy
[2018-09-06 21:56:42.237] INFO [main] StartupInfoLogger.java:50 - Starting ApplicationTest on DESKTOP-8O8UE91 with PID 11356 (started by 18217 in C:\Workspaces\eclipse-workspace\springboot-training\chapter28)
[2018-09-06 21:56:42.240] INFO [main] SpringApplication.java:659 - No active profile set, falling back to default profiles: default
[2018-09-06 21:56:42.287] INFO [main] AbstractApplicationContext.java:590 - Refreshing org.springframework.web.context.support.GenericWebApplicationContext@3f191845: startup date [Thu Sep 06 21:56:42 CST 2018]; root of context hierarchy
[2018-09-06 21:56:44.000] INFO [main] AbstractUrlHandlerMapping.java:373 - Mapped URL path [/**/favicon.ico] onto handler of type [class org.springframework.web.servlet.resource.ResourceHttpRequestHandler]
[2018-09-06 21:56:44.312] INFO [main] RequestMappingHandlerAdapter.java:574 - Looking for @ControllerAdvice: org.springframework.web.context.support.GenericWebApplicationContext@3f191845: startup date [Thu Sep 06 21:56:42 CST 2018]; root of context hierarchy
[2018-09-06 21:56:44.412] INFO [main] AbstractHandlerMethodMapping.java:547 - Mapped "{[/test]}" onto public java.lang.String com.rz.web.IndexController.test()
[2018-09-06 21:56:44.417] INFO [main] AbstractHandlerMethodMapping.java:547 - Mapped "{[/error]}" onto public org.springframework.http.ResponseEntity<java.util.Map<java.lang.String, java.lang.Object>> org.springframework.boot.autoconfigure.web.servlet.error.BasicErrorController.error(javax.servlet.http.HttpServletRequest)
[2018-09-06 21:56:44.418] INFO [main] AbstractHandlerMethodMapping.java:547 - Mapped "{[/error],produces=[text/html]}" onto public org.springframework.web.servlet.ModelAndView org.springframework.boot.autoconfigure.web.servlet.error.BasicErrorController.errorHtml(javax.servlet.http.HttpServletRequest,javax.servlet.http.HttpServletResponse)
[2018-09-06 21:56:44.461] INFO [main] AbstractUrlHandlerMapping.java:373 - Mapped URL path [/webjars/**] onto handler of type [class org.springframework.web.servlet.resource.ResourceHttpRequestHandler]
[2018-09-06 21:56:44.461] INFO [main] AbstractUrlHandlerMapping.java:373 - Mapped URL path [/**] onto handler of type [class org.springframework.web.servlet.resource.ResourceHttpRequestHandler]
[2018-09-06 21:56:44.899] INFO [main] StartupInfoLogger.java:59 - Started ApplicationTest in 3.211 seconds (JVM running for 4.349)
[2018-09-06 21:56:45.225] INFO [Thread-3] AbstractApplicationContext.java:993 - Closing org.springframework.web.context.support.GenericWebApplicationContext@3f191845: startup date [Thu Sep 06 21:56:42 CST 2018]; root of context hierarchy
